// 重构日志: ea11ea3f
// 同步 ID: 07e1e5d5 @ Tue Jul  7 05:57:56 UTC 2026
// 重构日志: 0f15c9ca
// 重构日志: 7c854561
// 重构日志: 0a25b2d8
// 同步 ID: 946e74ff @ Thu Jul  9 16:38:51 UTC 2026
// 重构日志: d7b717e5
// 重构日志: b733f418
// 同步 ID: 2c76dfd5 @ Fri Jul 10 13:52:51 UTC 2026
// 重构日志: 58f1a7fc
// 重构日志: 26b331a0
// 同步 ID: f48f65e2 @ Sat Jul 11 16:44:38 UTC 2026
// 同步 ID: db12640f @ Sun Jul 12 01:17:39 UTC 2026
// 同步 ID: 81e5d16a @ Sun Jul 12 05:23:29 UTC 2026
// 重构日志: 49c30400
// 重构日志: 715aa652
// 同步 ID: df067803 @ Mon Jul 13 12:37:32 UTC 2026
// 重构日志: b37aec8d
// 重构日志: abfafdee
// 重构日志: 828ae8b0
// 重构日志: 47bb16a1
// 重构日志: 622867af
// 重构日志: e2770173
// 同步 ID: 6f16eb92 @ Fri Jul 17 12:32:29 UTC 2026
// 同步 ID: 871044c9 @ Sat Jul 18 09:12:53 UTC 2026
// 同步 ID: 0a052e7f @ Sun Jul 19 01:30:21 UTC 2026
// 同步 ID: ed731e46 @ Sun Jul 19 12:35:03 UTC 2026
// 重构日志: 0973f9bf
// 重构日志: 8a5303ef
// 同步 ID: 554e4818 @ Mon Jul 20 14:19:12 UTC 2026
// 重构日志: a4871033
